{"level":"error","message":"unhandled rejection detected... Error: ** Something failed: unhandledRejection ***","timestamp":"2023-01-20T00:20:35.218Z"}
{"level":"error","message":"unhandled rejection detected... Error: *** Something failed: unhandledRejection ***","timestamp":"2023-01-20T00:20:53.355Z"}
{"level":"error","message":"Uncaught exception detected... Error: *** Something failed: uncaughtException ***","timestamp":"2023-01-20T00:21:05.943Z"}
{"level":"error","message":"unhandled rejection detected... Error: *** Something failed: unhandledRejection ***","timestamp":"2023-01-20T00:21:37.179Z"}
{"level":"error","message":"Cast to ObjectId failed for value \"{ _id: '63c4ba293a4695e59189dcb4d' }\" (type Object) at path \"_id\" for model \"Genre\"","timestamp":"2023-01-20T00:22:08.912Z"}
{"level":"error","message":"Cast to ObjectId failed for value \"{ _id: '63c4ba293a4695e59189dcb4d' }\" (type Object) at path \"_id\" for model \"Genre\"","timestamp":"2023-01-24T00:25:30.392Z"}
{"level":"error","message":"Cast to ObjectId failed for value \"{ _id: '63c4ba293a4695e59189dcb4a' }\" (type Object) at path \"_id\" for model \"Genre\"","timestamp":"2023-01-24T00:25:35.860Z"}
{"level":"info","message":"Successfully connected to mongoDB...","timestamp":"2023-01-24T00:47:37.717Z"}
{"level":"info","message":"Successfully connected to mongoDB...","timestamp":"2023-01-24T00:48:01.079Z"}
{"level":"info","message":"Successfully connected to mongoDB...","timestamp":"2023-01-24T00:50:06.827Z"}
{"level":"error","message":"Cast to ObjectId failed for value \"{ _id: '63c4ba293a4695e59189dcb4a' }\" (type Object) at path \"_id\" for model \"Genre\"","timestamp":"2023-01-24T00:50:24.988Z"}
{"level":"info","message":"Successfully connected to mongoDB...","timestamp":"2023-01-24T00:51:34.907Z"}
{"level":"info","message":"Successfully connected to mongoDB...","timestamp":"2023-01-24T00:52:03.624Z"}
{"level":"info","message":"Successfully connected to mongoDB...","timestamp":"2023-01-24T00:52:08.475Z"}
{"level":"info","message":"Successfully connected to mongoDB...","timestamp":"2023-01-24T00:52:17.803Z"}
{"level":"info","message":"Successfully connected to mongoDB...","timestamp":"2023-01-24T00:52:29.468Z"}
{"level":"info","message":"Successfully connected to mongoDB...","timestamp":"2023-01-24T00:53:00.145Z"}
{"level":"error","message":"Can not connect to mongoDB...","timestamp":"2023-01-24T00:53:43.644Z"}
{"level":"error","message":"Unhandled rejection detected... MongooseServerSelectionError: connect ECONNREFUSED 127.0.0.1:27017","timestamp":"2023-01-24T00:55:05.626Z"}
{"level":"info","message":"Successfully connected to mongoDB...","timestamp":"2023-01-24T00:55:48.991Z"}
{"level":"info","message":"Successfully connected to mongoDB...","timestamp":"2023-01-24T00:56:14.349Z"}
{"level":"error","message":"Cast to ObjectId failed for value \"{ _id: '63c4ba293a4695e59189dcb4a' }\" (type Object) at path \"_id\" for model \"Genre\"","timestamp":"2023-01-24T00:56:19.907Z"}
{"level":"info","message":"Successfully connected to mongoDB...","timestamp":"2023-01-24T00:57:22.478Z"}
{"level":"info","message":"Successfully connected to mongoDB...","timestamp":"2023-01-24T00:58:44.641Z"}
{"level":"info","message":"Successfully connected to mongoDB...","timestamp":"2023-01-24T00:58:58.795Z"}
{"level":"info","message":"Successfully connected to mongoDB...","timestamp":"2023-01-24T00:59:09.619Z"}
{"level":"info","message":"Successfully connected to mongoDB...","timestamp":"2023-01-24T00:59:12.291Z"}
{"level":"info","message":"Successfully connected to mongoDB...","timestamp":"2023-01-24T00:59:23.676Z"}
{"level":"info","message":"Successfully connected to mongoDB...","timestamp":"2023-01-24T00:59:31.291Z"}
{"level":"info","message":"Successfully connected to mongoDB...","timestamp":"2023-01-24T00:59:44.592Z"}
{"level":"info","message":"Successfully connected to mongoDB...","timestamp":"2023-01-24T01:00:10.774Z"}
{"level":"error","message":"Cast to ObjectId failed for value \"{ _id: '63c4ba293a4695e59189dcb4a' }\" (type Object) at path \"_id\" for model \"Genre\"","timestamp":"2023-01-24T01:00:18.281Z"}
{"level":"info","message":"Successfully connected to mongoDB...","timestamp":"2023-01-24T01:00:51.367Z"}
{"level":"info","message":"Successfully connected to mongoDB...","timestamp":"2023-01-24T01:01:25.443Z"}
{"level":"info","message":"Successfully connected to mongoDB...","timestamp":"2023-01-24T01:01:27.940Z"}
{"level":"info","message":"Successfully connected to mongoDB...","timestamp":"2023-01-24T01:01:40.091Z"}
{"level":"info","message":"Successfully connected to mongoDB...","timestamp":"2023-01-24T01:01:51.256Z"}
{"level":"error","message":"Unhandled rejection detected... CastError: Cast to ObjectId failed for value \"{ _id: '63c4ba293a4695e59189dcb4a' }\" (type Object) at path \"_id\" for model \"Genre\"","timestamp":"2023-01-24T01:01:56.166Z"}
{"level":"info","message":"Successfully connected to mongoDB...","timestamp":"2023-01-24T01:02:18.724Z"}
{"level":"error","message":"Unhandled rejection detected... CastError: Cast to ObjectId failed for value \"{ _id: '63c4ba293a4695e59189dcb4a' }\" (type Object) at path \"_id\" for model \"Genre\"","timestamp":"2023-01-24T01:02:30.149Z"}
{"level":"info","message":"Successfully connected to mongoDB...","timestamp":"2023-01-24T01:02:46.606Z"}
{"level":"error","message":"Cast to ObjectId failed for value \"{ _id: '63c4ba293a4695e59189dcb4a' }\" (type Object) at path \"_id\" for model \"Genre\"","timestamp":"2023-01-24T01:02:49.219Z"}
{"level":"info","message":"Successfully connected to mongoDB...","timestamp":"2023-01-24T01:03:00.315Z"}
{"level":"error","message":"Unhandled rejection detected... CastError: Cast to ObjectId failed for value \"{ _id: '63c4ba293a4695e59189dcb4a' }\" (type Object) at path \"_id\" for model \"Genre\"","timestamp":"2023-01-24T01:03:03.651Z"}
{"level":"info","message":"Successfully connected to mongoDB...","timestamp":"2023-01-24T01:03:22.314Z"}
{"level":"info","message":"Successfully connected to mongoDB...","timestamp":"2023-01-24T01:03:25.737Z"}
{"level":"error","message":"Cast to ObjectId failed for value \"{ _id: '63c4ba293a4695e59189dcb4a' }\" (type Object) at path \"_id\" for model \"Genre\"","timestamp":"2023-01-24T01:03:27.423Z"}
{"level":"info","message":"Successfully connected to mongoDB...","timestamp":"2023-01-24T01:03:53.315Z"}
{"level":"info","message":"Successfully connected to mongoDB...","timestamp":"2023-01-24T01:04:16.460Z"}
{"level":"info","message":"Successfully connected to mongoDB...","timestamp":"2023-01-24T01:04:19.623Z"}
{"level":"info","message":"Successfully connected to mongoDB...","timestamp":"2023-01-24T01:04:42.198Z"}
{"level":"info","message":"Successfully connected to mongoDB...","timestamp":"2023-01-24T01:04:48.882Z"}
{"level":"info","message":"Successfully connected to mongoDB...","timestamp":"2023-01-24T01:04:57.365Z"}
{"level":"info","message":"Successfully connected to mongoDB...","timestamp":"2023-01-24T01:05:05.122Z"}
{"level":"info","message":"Successfully connected to mongoDB...","timestamp":"2023-01-24T01:05:25.860Z"}
{"level":"info","message":"Successfully connected to mongoDB...","timestamp":"2023-01-24T01:05:55.565Z"}
{"level":"info","message":"Successfully connected to mongoDB...","timestamp":"2023-01-24T01:06:23.551Z"}
{"level":"info","message":"Successfully connected to mongoDB...","timestamp":"2023-01-24T01:06:30.038Z"}
{"level":"info","message":"Successfully connected to mongoDB...","timestamp":"2023-01-24T01:06:41.099Z"}
{"level":"info","message":"Successfully connected to mongoDB...","timestamp":"2023-01-24T01:06:51.996Z"}
{"level":"info","message":"Successfully connected to mongoDB...","timestamp":"2023-01-24T01:08:01.125Z"}
{"level":"info","message":"Listening on port 5000...","timestamp":"2023-01-24T01:09:49.324Z"}
{"level":"info","message":"Successfully connected to mongoDB...","timestamp":"2023-01-24T01:09:49.365Z"}
{"level":"info","message":"Listening on port 5000...","timestamp":"2023-01-24T01:11:26.483Z"}
{"level":"info","message":"Successfully connected to mongoDB...","timestamp":"2023-01-24T01:11:26.530Z"}
{"level":"info","message":"Listening on port 5000...","timestamp":"2023-01-24T01:11:37.522Z"}
{"level":"info","message":"Successfully connected to mongoDB...","timestamp":"2023-01-24T01:11:37.558Z"}
{"level":"error","message":"Unhandled rejection detected... CastError: Cast to ObjectId failed for value \"{ _id: '63c4ba293a4695e59189dcb4a' }\" (type Object) at path \"_id\" for model \"Genre\"","timestamp":"2023-01-24T01:11:40.317Z"}
{"level":"info","message":"Listening on port 5000...","timestamp":"2023-01-24T01:11:47.010Z"}
{"level":"info","message":"Successfully connected to mongoDB...","timestamp":"2023-01-24T01:11:47.042Z"}
{"level":"info","message":"Listening on port 5000...","timestamp":"2023-01-24T01:12:02.729Z"}
{"level":"info","message":"Successfully connected to mongoDB...","timestamp":"2023-01-24T01:12:02.765Z"}
{"level":"error","message":"Cast to ObjectId failed for value \"{ _id: '63c4ba293a4695e59189dcb4a' }\" (type Object) at path \"_id\" for model \"Genre\"","timestamp":"2023-01-24T01:12:04.604Z"}
{"level":"info","message":"Listening on port 5000...","timestamp":"2023-01-24T01:12:11.716Z"}
{"level":"info","message":"Successfully connected to mongoDB...","timestamp":"2023-01-24T01:12:11.778Z"}
{"level":"error","message":"Unhandled rejection detected... CastError: Cast to ObjectId failed for value \"{ _id: '63c4ba293a4695e59189dcb4a' }\" (type Object) at path \"_id\" for model \"Genre\"","timestamp":"2023-01-24T01:12:13.340Z"}
{"level":"info","message":"Listening on port 5000...","timestamp":"2023-01-24T01:12:20.189Z"}
{"level":"info","message":"Successfully connected to mongoDB...","timestamp":"2023-01-24T01:12:20.221Z"}
{"level":"error","message":"Cast to ObjectId failed for value \"{ _id: '63c4ba293a4695e59189dcb4a' }\" (type Object) at path \"_id\" for model \"Genre\"","timestamp":"2023-01-24T01:12:21.863Z"}
{"level":"info","message":"Listening on port 5000...","timestamp":"2023-01-24T01:12:39.499Z"}
{"level":"info","message":"Successfully connected to mongoDB...","timestamp":"2023-01-24T01:12:39.559Z"}
{"level":"info","message":"Listening on port 5000...","timestamp":"2023-01-24T01:12:41.309Z"}
{"level":"info","message":"Successfully connected to mongoDB...","timestamp":"2023-01-24T01:12:41.338Z"}
{"level":"info","message":"Listening on port 5000...","timestamp":"2023-01-24T01:12:43.513Z"}
{"level":"info","message":"Successfully connected to mongoDB...","timestamp":"2023-01-24T01:12:43.544Z"}
{"level":"error","message":"Cast to ObjectId failed for value \"{ _id: '63c4ba293a4695e59189dcb4a' }\" (type Object) at path \"_id\" for model \"Genre\"","timestamp":"2023-01-24T01:12:45.167Z"}
{"level":"info","message":"Listening on port 5000...","timestamp":"2023-01-24T01:12:55.748Z"}
{"level":"info","message":"Successfully connected to mongoDB...","timestamp":"2023-01-24T01:12:55.799Z"}
{"level":"error","message":"Unhandled rejection detected... CastError: Cast to ObjectId failed for value \"{ _id: '63c4ba293a4695e59189dcb4a' }\" (type Object) at path \"_id\" for model \"Genre\"","timestamp":"2023-01-24T01:12:57.016Z"}
{"level":"info","message":"Listening on port 5000...","timestamp":"2023-01-24T01:13:03.258Z"}
{"level":"info","message":"Successfully connected to mongoDB...","timestamp":"2023-01-24T01:13:03.304Z"}
{"level":"error","message":"Unhandled rejection detected... CastError: Cast to ObjectId failed for value \"{ _id: '63c4ba293a4695e59189dcb4a' }\" (type Object) at path \"_id\" for model \"Genre\"","timestamp":"2023-01-24T01:13:04.921Z"}
{"level":"info","message":"Listening on port 5000...","timestamp":"2023-01-24T01:13:20.320Z"}
{"level":"info","message":"Successfully connected to mongoDB...","timestamp":"2023-01-24T01:13:20.359Z"}
{"level":"error","message":"Cast to ObjectId failed for value \"{ _id: '63c4ba293a4695e59189dcb4a' }\" (type Object) at path \"_id\" for model \"Genre\"","timestamp":"2023-01-24T01:13:35.045Z"}
{"level":"info","message":"Listening on port 5000...","timestamp":"2023-01-24T01:15:55.373Z"}
{"level":"info","message":"Successfully connected to mongoDB...","timestamp":"2023-01-24T01:15:55.419Z"}
{"level":"info","message":"Listening on port 5000...","timestamp":"2023-01-24T01:16:05.912Z"}
{"level":"info","message":"Successfully connected to mongoDB...","timestamp":"2023-01-24T01:16:05.946Z"}
{"level":"info","message":"Listening on port 5000...","timestamp":"2023-01-24T01:16:25.335Z"}
{"level":"info","message":"Successfully connected to mongoDB...","timestamp":"2023-01-24T01:16:25.370Z"}
{"level":"info","message":"Listening on port 5000...","timestamp":"2023-01-24T01:17:13.347Z"}
{"level":"info","message":"Successfully connected to mongoDB...","timestamp":"2023-01-24T01:17:13.381Z"}
{"level":"info","message":"Listening on port 5000...","timestamp":"2023-01-24T01:18:01.946Z"}
{"level":"info","message":"Successfully connected to mongoDB...","timestamp":"2023-01-24T01:18:01.990Z"}
{"level":"info","message":"Listening on port 5000...","timestamp":"2023-01-24T01:18:12.677Z"}
{"level":"info","message":"Successfully connected to mongoDB...","timestamp":"2023-01-24T01:18:12.711Z"}
{"level":"info","message":"Listening on port 5000...","timestamp":"2023-01-24T01:18:22.495Z"}
{"level":"info","message":"Successfully connected to mongoDB...","timestamp":"2023-01-24T01:18:22.533Z"}
{"level":"info","message":"Listening on port 5000...","timestamp":"2023-01-24T01:18:32.462Z"}
{"level":"error","message":"Unhandled rejection detected... MongooseServerSelectionError: connect ECONNREFUSED 127.0.0.1:27017","timestamp":"2023-01-24T01:19:02.237Z"}
{"level":"info","message":"Listening on port 5000...","timestamp":"2023-01-24T01:19:19.745Z"}
{"level":"info","message":"Successfully connected to mongoDB...","timestamp":"2023-01-24T01:19:19.807Z"}
{"level":"info","message":"Listening on port 5000...","timestamp":"2023-01-24T01:20:28.645Z"}
{"level":"info","message":"Successfully connected to mongoDB...","timestamp":"2023-01-24T01:20:28.676Z"}
{"level":"info","message":"Listening on port 5000...","timestamp":"2023-01-24T01:20:35.581Z"}
{"level":"info","message":"Successfully connected to mongoDB...","timestamp":"2023-01-24T01:20:35.614Z"}
{"level":"info","message":"Listening on port 5000...","timestamp":"2023-01-24T01:20:39.449Z"}
{"level":"info","message":"Successfully connected to mongoDB...","timestamp":"2023-01-24T01:20:39.482Z"}
{"level":"info","message":"Listening on port 5000...","timestamp":"2023-01-24T01:20:43.733Z"}
{"level":"info","message":"Successfully connected to mongoDB...","timestamp":"2023-01-24T01:20:43.766Z"}
{"level":"info","message":"Listening on port 5000...","timestamp":"2023-01-24T01:20:48.747Z"}
{"level":"info","message":"Successfully connected to mongoDB...","timestamp":"2023-01-24T01:20:48.779Z"}
{"level":"info","message":"Listening on port 5000...","timestamp":"2023-01-24T01:20:57.023Z"}
{"level":"info","message":"Successfully connected to mongoDB...","timestamp":"2023-01-24T01:20:57.067Z"}
{"level":"info","message":"Listening on port 5000...","timestamp":"2023-01-24T01:21:09.760Z"}
{"level":"info","message":"Successfully connected to mongoDB...","timestamp":"2023-01-24T01:21:09.794Z"}
{"level":"info","message":"Listening on port 5000...","timestamp":"2023-01-24T21:36:59.012Z"}
{"level":"info","message":"Successfully connected to mongoDB...","timestamp":"2023-01-24T21:36:59.081Z"}
{"level":"info","message":"Listening on port 5000...","timestamp":"2023-01-24T22:21:02.396Z"}
{"level":"info","message":"Successfully connected to mongoDB...","timestamp":"2023-01-24T22:21:02.428Z"}
{"level":"info","message":"Listening on port 5000...","timestamp":"2023-01-24T22:21:22.309Z"}
{"level":"info","message":"Successfully connected to mongoDB...","timestamp":"2023-01-24T22:21:22.337Z"}
{"level":"info","message":"Listening on port 5000...","timestamp":"2023-01-24T22:21:49.520Z"}
{"level":"info","message":"Successfully connected to mongoDB...","timestamp":"2023-01-24T22:21:49.599Z"}
{"level":"info","message":"Listening on port 5000...","timestamp":"2023-01-24T22:22:13.334Z"}
{"level":"info","message":"Successfully connected to mongoDB...","timestamp":"2023-01-24T22:22:13.406Z"}
{"level":"info","message":"Listening on port 5000...","timestamp":"2023-01-24T22:23:26.831Z"}
{"level":"info","message":"Successfully connected to mongoDB...","timestamp":"2023-01-24T22:23:26.883Z"}
{"level":"info","message":"Listening on port 5000...","timestamp":"2023-01-24T22:23:57.384Z"}
{"level":"info","message":"Successfully connected to mongoDB...","timestamp":"2023-01-24T22:23:57.425Z"}
{"level":"info","message":"Listening on port 5000...","timestamp":"2023-01-24T22:24:45.707Z"}
{"level":"info","message":"Successfully connected to mongoDB...","timestamp":"2023-01-24T22:24:45.754Z"}
{"level":"info","message":"Listening on port 5000...","timestamp":"2023-01-24T22:25:05.373Z"}
{"level":"info","message":"Successfully connected to mongoDB...","timestamp":"2023-01-24T22:25:05.410Z"}
{"level":"info","message":"Listening on port 5000...","timestamp":"2023-01-24T22:26:30.125Z"}
{"level":"info","message":"Successfully connected to mongoDB...","timestamp":"2023-01-24T22:26:30.154Z"}
{"level":"info","message":"Listening on port 5000...","timestamp":"2023-01-24T22:32:28.122Z"}
{"level":"info","message":"Successfully connected to mongoDB...","timestamp":"2023-01-24T22:32:28.153Z"}
{"level":"info","message":"Listening on port 5000...","timestamp":"2023-01-24T22:32:45.304Z"}
{"level":"info","message":"Successfully connected to mongoDB...","timestamp":"2023-01-24T22:32:45.345Z"}
{"level":"info","message":"Listening on port 5000...","timestamp":"2023-01-25T22:40:58.280Z"}
{"level":"info","message":"Listening on port 5000...","timestamp":"2023-01-25T22:41:12.166Z"}
{"level":"error","message":"Unhandled rejection detected... MongooseServerSelectionError: connect ECONNREFUSED 127.0.0.1:27017","timestamp":"2023-01-25T22:41:41.876Z"}
{"level":"info","message":"Listening on port 5000...","timestamp":"2023-01-25T23:07:25.704Z"}
{"level":"error","message":"Unhandled rejection detected... MongooseServerSelectionError: connect ECONNREFUSED 127.0.0.1:27017","timestamp":"2023-01-25T23:07:55.515Z"}
{"level":"info","message":"Listening on port 6000...","timestamp":"2023-01-26T23:49:36.678Z"}
{"level":"info","message":"Successfully connected to mongoDB...","timestamp":"2023-01-26T23:49:36.730Z"}
{"level":"info","message":"Listening on port 6000...","timestamp":"2023-01-26T23:53:03.284Z"}
{"level":"info","message":"Successfully connected to MongoDB: mongodb://127.0.0.1:27017/vidly...","timestamp":"2023-01-26T23:53:03.315Z"}
{"level":"info","message":"Listening on port 6000...","timestamp":"2023-01-26T23:53:11.938Z"}
{"level":"info","message":"Successfully connected to mongodb://127.0.0.1:27017/vidly...","timestamp":"2023-01-26T23:53:11.980Z"}
{"level":"info","message":"Listening on port 5000...","timestamp":"2023-01-26T23:54:16.466Z"}
{"level":"info","message":"Successfully connected to mongodb://127.0.0.1:27017/vidly_test...","timestamp":"2023-01-26T23:54:16.492Z"}
{"level":"info","message":"Listening on port 5000...","timestamp":"2023-01-26T23:54:28.837Z"}
{"level":"info","message":"Successfully connected to mongodb://127.0.0.1:27017/vidly...","timestamp":"2023-01-26T23:54:28.860Z"}
{"level":"info","message":"Listening on port 5000...","timestamp":"2023-02-12T23:27:51.975Z"}
{"level":"info","message":"Successfully connected to mongodb://127.0.0.1:27017/vidly_test...","timestamp":"2023-02-12T23:27:52.012Z"}
{"level":"info","message":"Listening on port 5000...","timestamp":"2023-02-12T23:50:49.577Z"}
{"level":"info","message":"Successfully connected to mongodb://127.0.0.1:27017/vidly_test...","timestamp":"2023-02-12T23:50:49.607Z"}
{"level":"info","message":"Listening on port 5000...","timestamp":"2023-02-12T23:54:50.691Z"}
{"level":"info","message":"Successfully connected to mongodb://127.0.0.1:27017/vidly_test...","timestamp":"2023-02-12T23:54:50.748Z"}
{"level":"info","message":"Listening on port 5000...","timestamp":"2023-02-12T23:55:12.015Z"}
{"level":"info","message":"Successfully connected to mongodb://127.0.0.1:27017/vidly_test...","timestamp":"2023-02-12T23:55:12.060Z"}
{"level":"info","message":"Listening on port 5000...","timestamp":"2023-02-12T23:55:31.487Z"}
{"level":"info","message":"Successfully connected to mongodb://127.0.0.1:27017/vidly_test...","timestamp":"2023-02-12T23:55:31.521Z"}
{"level":"info","message":"Listening on port 5000...","timestamp":"2023-02-12T23:57:41.644Z"}
{"level":"info","message":"Successfully connected to mongodb://127.0.0.1:27017/vidly_test...","timestamp":"2023-02-12T23:57:41.698Z"}
{"level":"info","message":"Listening on port 5000...","timestamp":"2023-02-12T23:57:53.414Z"}
{"level":"info","message":"Successfully connected to mongodb://127.0.0.1:27017/vidly_test...","timestamp":"2023-02-12T23:57:53.456Z"}
